<?xml version="1.0" encoding="utf-8"?><testsuites><testsuite errors="0" failures="0" hostname="pop-os" name="my_suite" skipped="0" tests="30" time="0.871" timestamp="2021-02-27T23:48:44.837417"><testcase classname="tests.test_cookiecutter_generation_parameterize" file="tests/test_cookiecutter_generation_parameterize.py" line="23" name="test_project_generation[root_dir_files0-myproject-1-10]" time="0.062"></testcase><testcase classname="tests.test_cookiecutter_generation_parameterize" file="tests/test_cookiecutter_generation_parameterize.py" line="23" name="test_project_generation[root_dir_files0-myproject-4-10]" time="0.065"></testcase><testcase classname="tests.test_cookiecutter_generation_parameterize" file="tests/test_cookiecutter_generation_parameterize.py" line="38" name="test_flask_apps_folder_generation[flask_app_files0-2-10]" time="0.066"></testcase><testcase classname="tests.test_cookiecutter_generation_parameterize" file="tests/test_cookiecutter_generation_parameterize.py" line="38" name="test_flask_apps_folder_generation[flask_app_files0-1-10]" time="0.066"></testcase><testcase classname="tests.test_cookiecutter_generation_parameterize" file="tests/test_cookiecutter_generation_parameterize.py" line="23" name="test_project_generation[root_dir_files0-myproject-5-10]" time="0.066"></testcase><testcase classname="tests.test_cookiecutter_generation_parameterize" file="tests/test_cookiecutter_generation_parameterize.py" line="23" name="test_project_generation[root_dir_files0-myproject-7-10]" time="0.067"></testcase><testcase classname="tests.test_cookiecutter_generation_parameterize" file="tests/test_cookiecutter_generation_parameterize.py" line="23" name="test_project_generation[root_dir_files0-myproject-9-10]" time="0.067"></testcase><testcase classname="tests.test_cookiecutter_generation_parameterize" file="tests/test_cookiecutter_generation_parameterize.py" line="23" name="test_project_generation[root_dir_files0-myproject-6-10]" time="0.067"></testcase><testcase classname="tests.test_cookiecutter_generation_parameterize" file="tests/test_cookiecutter_generation_parameterize.py" line="23" name="test_project_generation[root_dir_files0-myproject-10-10]" time="0.068"></testcase><testcase classname="tests.test_cookiecutter_generation_parameterize" file="tests/test_cookiecutter_generation_parameterize.py" line="23" name="test_project_generation[root_dir_files0-myproject-8-10]" time="0.067"></testcase><testcase classname="tests.test_cookiecutter_generation_parameterize" file="tests/test_cookiecutter_generation_parameterize.py" line="23" name="test_project_generation[root_dir_files0-myproject-2-10]" time="0.071"></testcase><testcase classname="tests.test_cookiecutter_generation_parameterize" file="tests/test_cookiecutter_generation_parameterize.py" line="23" name="test_project_generation[root_dir_files0-myproject-3-10]" time="0.068"></testcase><testcase classname="tests.test_cookiecutter_generation_parameterize" file="tests/test_cookiecutter_generation_parameterize.py" line="38" name="test_flask_apps_folder_generation[flask_app_files0-3-10]" time="0.029"></testcase><testcase classname="tests.test_cookiecutter_generation_parameterize" file="tests/test_cookiecutter_generation_parameterize.py" line="56" name="test_bokehserver_apps_folder_generation[bokehserver_app_files0-3-10]" time="0.031"></testcase><testcase classname="tests.test_cookiecutter_generation_parameterize" file="tests/test_cookiecutter_generation_parameterize.py" line="38" name="test_flask_apps_folder_generation[flask_app_files0-9-10]" time="0.032"></testcase><testcase classname="tests.test_cookiecutter_generation_parameterize" file="tests/test_cookiecutter_generation_parameterize.py" line="56" name="test_bokehserver_apps_folder_generation[bokehserver_app_files0-2-10]" time="0.033"></testcase><testcase classname="tests.test_cookiecutter_generation_parameterize" file="tests/test_cookiecutter_generation_parameterize.py" line="56" name="test_bokehserver_apps_folder_generation[bokehserver_app_files0-4-10]" time="0.032"></testcase><testcase classname="tests.test_cookiecutter_generation_parameterize" file="tests/test_cookiecutter_generation_parameterize.py" line="38" name="test_flask_apps_folder_generation[flask_app_files0-10-10]" time="0.033"></testcase><testcase classname="tests.test_cookiecutter_generation_parameterize" file="tests/test_cookiecutter_generation_parameterize.py" line="38" name="test_flask_apps_folder_generation[flask_app_files0-8-10]" time="0.033"></testcase><testcase classname="tests.test_cookiecutter_generation_parameterize" file="tests/test_cookiecutter_generation_parameterize.py" line="38" name="test_flask_apps_folder_generation[flask_app_files0-4-10]" time="0.033"></testcase><testcase classname="tests.test_cookiecutter_generation_parameterize" file="tests/test_cookiecutter_generation_parameterize.py" line="56" name="test_bokehserver_apps_folder_generation[bokehserver_app_files0-1-10]" time="0.039"></testcase><testcase classname="tests.test_cookiecutter_generation_parameterize" file="tests/test_cookiecutter_generation_parameterize.py" line="38" name="test_flask_apps_folder_generation[flask_app_files0-6-10]" time="0.037"></testcase><testcase classname="tests.test_cookiecutter_generation_parameterize" file="tests/test_cookiecutter_generation_parameterize.py" line="38" name="test_flask_apps_folder_generation[flask_app_files0-5-10]" time="0.036"></testcase><testcase classname="tests.test_cookiecutter_generation_parameterize" file="tests/test_cookiecutter_generation_parameterize.py" line="38" name="test_flask_apps_folder_generation[flask_app_files0-7-10]" time="0.032"></testcase><testcase classname="tests.test_cookiecutter_generation_parameterize" file="tests/test_cookiecutter_generation_parameterize.py" line="56" name="test_bokehserver_apps_folder_generation[bokehserver_app_files0-5-10]" time="0.032"></testcase><testcase classname="tests.test_cookiecutter_generation_parameterize" file="tests/test_cookiecutter_generation_parameterize.py" line="56" name="test_bokehserver_apps_folder_generation[bokehserver_app_files0-6-10]" time="0.026"></testcase><testcase classname="tests.test_cookiecutter_generation_parameterize" file="tests/test_cookiecutter_generation_parameterize.py" line="56" name="test_bokehserver_apps_folder_generation[bokehserver_app_files0-8-10]" time="0.032"></testcase><testcase classname="tests.test_cookiecutter_generation_parameterize" file="tests/test_cookiecutter_generation_parameterize.py" line="56" name="test_bokehserver_apps_folder_generation[bokehserver_app_files0-9-10]" time="0.033"></testcase><testcase classname="tests.test_cookiecutter_generation_parameterize" file="tests/test_cookiecutter_generation_parameterize.py" line="56" name="test_bokehserver_apps_folder_generation[bokehserver_app_files0-10-10]" time="0.033"></testcase><testcase classname="tests.test_cookiecutter_generation_parameterize" file="tests/test_cookiecutter_generation_parameterize.py" line="56" name="test_bokehserver_apps_folder_generation[bokehserver_app_files0-7-10]" time="0.031"></testcase></testsuite></testsuites>